# JRE version: OpenJDK Runtime Environment Temurin-17.0.9+9 (17.0.9+9) (build 17.0.9+9)
# Java VM: OpenJDK 64-Bit Server VM Temurin-17.0.9+9 (17.0.9+9, mixed mode, tiered, compressed oops, compressed class ptrs, parallel gc, windows-amd64)
GC Precious Log:
 CPUs: 4 total, 4 available
 Memory: 8097M
 Large Page Support: Disabled
 NUMA Support: Disabled
 Compressed Oops: Enabled (32-bit)
 Alignments: Space 512K, Generation 512K, Heap 2M
 Heap Min Capacity: 100M
 Heap Initial Capacity: 100M
 Heap Max Capacity: 1G
 Pre-touch: Disabled
 Parallel Workers: 4
Heap:
 PSYoungGen      total 4096K, used 128K [0x00000000eab00000, 0x00000000eb000000, 0x0000000100000000)
  eden space 3584K, 0% used [0x00000000eab00000,0x00000000eab00000,0x00000000eae80000)
  from space 512K, 25% used [0x00000000eaf80000,0x00000000eafa0000,0x00000000eb000000)
  to   space 512K, 0% used [0x00000000eaf00000,0x00000000eaf00000,0x00000000eaf80000)
 ParOldGen       total 295424K, used 295410K [0x00000000c0000000, 0x00000000d2080000, 0x00000000eab00000)
  object space 295424K, 99% used [0x00000000c0000000,0x00000000d207cb28,0x00000000d2080000)
 Metaspace       used 73202K, committed 74304K, reserved 1114112K
  class space    used 8313K, committed 8768K, reserved 1048576K
GC Heap History (20 events):
Event: 19995.316 GC heap after
{Heap after GC invocations=661 (full 13):
 PSYoungGen      total 4096K, used 128K [0x00000000eab00000, 0x00000000eb000000, 0x0000000100000000)
  eden space 3584K, 0% used [0x00000000eab00000,0x00000000eab00000,0x00000000eae80000)
  from space 512K, 25% used [0x00000000eaf00000,0x00000000eaf20000,0x00000000eaf80000)
  to   space 512K, 0% used [0x00000000eaf80000,0x00000000eaf80000,0x00000000eb000000)
 ParOldGen       total 295424K, used 295298K [0x00000000c0000000, 0x00000000d2080000, 0x00000000eab00000)
  object space 295424K, 99% used [0x00000000c0000000,0x00000000d2060b28,0x00000000d2080000)
 Metaspace       used 73123K, committed 74240K, reserved 1114112K
  class space    used 8305K, committed 8768K, reserved 1048576K
}
Event: 21348.462 GC heap before
{Heap before GC invocations=662 (full 13):
 PSYoungGen      total 4096K, used 3712K [0x00000000eab00000, 0x00000000eb000000, 0x0000000100000000)
  eden space 3584K, 100% used [0x00000000eab00000,0x00000000eae80000,0x00000000eae80000)
  from space 512K, 25% used [0x00000000eaf00000,0x00000000eaf20000,0x00000000eaf80000)
  to   space 512K, 0% used [0x00000000eaf80000,0x00000000eaf80000,0x00000000eb000000)
 ParOldGen       total 295424K, used 295298K [0x00000000c0000000, 0x00000000d2080000, 0x00000000eab00000)
  object space 295424K, 99% used [0x00000000c0000000,0x00000000d2060b28,0x00000000d2080000)
 Metaspace       used 73123K, committed 74240K, reserved 1114112K
  class space    used 8305K, committed 8768K, reserved 1048576K
}
Event: 21348.943 GC heap after
{Heap after GC invocations=662 (full 13):
 PSYoungGen      total 4096K, used 128K [0x00000000eab00000, 0x00000000eb000000, 0x0000000100000000)
  eden space 3584K, 0% used [0x00000000eab00000,0x00000000eab00000,0x00000000eae80000)
  from space 512K, 25% used [0x00000000eaf80000,0x00000000eafa0000,0x00000000eb000000)
  to   space 512K, 0% used [0x00000000eaf00000,0x00000000eaf00000,0x00000000eaf80000)
 ParOldGen       total 295424K, used 295298K [0x00000000c0000000, 0x00000000d2080000, 0x00000000eab00000)
  object space 295424K, 99% used [0x00000000c0000000,0x00000000d2060b28,0x00000000d2080000)
 Metaspace       used 73123K, committed 74240K, reserved 1114112K
  class space    used 8305K, committed 8768K, reserved 1048576K
}
Event: 21389.651 GC heap before
{Heap before GC invocations=663 (full 13):
 PSYoungGen      total 4096K, used 3712K [0x00000000eab00000, 0x00000000eb000000, 0x0000000100000000)
  eden space 3584K, 100% used [0x00000000eab00000,0x00000000eae80000,0x00000000eae80000)
  from space 512K, 25% used [0x00000000eaf80000,0x00000000eafa0000,0x00000000eb000000)
  to   space 512K, 0% used [0x00000000eaf00000,0x00000000eaf00000,0x00000000eaf80000)
 ParOldGen       total 295424K, used 295298K [0x00000000c0000000, 0x00000000d2080000, 0x00000000eab00000)
  object space 295424K, 99% used [0x00000000c0000000,0x00000000d2060b28,0x00000000d2080000)
 Metaspace       used 73123K, committed 74240K, reserved 1114112K
  class space    used 8305K, committed 8768K, reserved 1048576K
}
Event: 21389.654 GC heap after
{Heap after GC invocations=663 (full 13):
 PSYoungGen      total 4096K, used 128K [0x00000000eab00000, 0x00000000eb000000, 0x0000000100000000)
  eden space 3584K, 0% used [0x00000000eab00000,0x00000000eab00000,0x00000000eae80000)
  from space 512K, 25% used [0x00000000eaf00000,0x00000000eaf20000,0x00000000eaf80000)
  to   space 512K, 0% used [0x00000000eaf80000,0x00000000eaf80000,0x00000000eb000000)
 ParOldGen       total 295424K, used 295298K [0x00000000c0000000, 0x00000000d2080000, 0x00000000eab00000)
  object space 295424K, 99% used [0x00000000c0000000,0x00000000d2060b28,0x00000000d2080000)
 Metaspace       used 73123K, committed 74240K, reserved 1114112K
  class space    used 8305K, committed 8768K, reserved 1048576K
}
Event: 21438.183 GC heap before
{Heap before GC invocations=664 (full 13):
 PSYoungGen      total 4096K, used 3712K [0x00000000eab00000, 0x00000000eb000000, 0x0000000100000000)
  eden space 3584K, 100% used [0x00000000eab00000,0x00000000eae80000,0x00000000eae80000)
  from space 512K, 25% used [0x00000000eaf00000,0x00000000eaf20000,0x00000000eaf80000)
  to   space 512K, 0% used [0x00000000eaf80000,0x00000000eaf80000,0x00000000eb000000)
 ParOldGen       total 295424K, used 295298K [0x00000000c0000000, 0x00000000d2080000, 0x00000000eab00000)
  object space 295424K, 99% used [0x00000000c0000000,0x00000000d2060b28,0x00000000d2080000)
 Metaspace       used 73195K, committed 74304K, reserved 1114112K
  class space    used 8313K, committed 8768K, reserved 1048576K
}
Event: 21438.192 GC heap after
{Heap after GC invocations=664 (full 13):
 PSYoungGen      total 4096K, used 160K [0x00000000eab00000, 0x00000000eb000000, 0x0000000100000000)
  eden space 3584K, 0% used [0x00000000eab00000,0x00000000eab00000,0x00000000eae80000)
  from space 512K, 31% used [0x00000000eaf80000,0x00000000eafa8000,0x00000000eb000000)
  to   space 512K, 0% used [0x00000000eaf00000,0x00000000eaf00000,0x00000000eaf80000)
 ParOldGen       total 295424K, used 295298K [0x00000000c0000000, 0x00000000d2080000, 0x00000000eab00000)
  object space 295424K, 99% used [0x00000000c0000000,0x00000000d2060b28,0x00000000d2080000)
 Metaspace       used 73195K, committed 74304K, reserved 1114112K
  class space    used 8313K, committed 8768K, reserved 1048576K
}
Event: 21502.078 GC heap before
{Heap before GC invocations=665 (full 13):
 PSYoungGen      total 4096K, used 3744K [0x00000000eab00000, 0x00000000eb000000, 0x0000000100000000)
  eden space 3584K, 100% used [0x00000000eab00000,0x00000000eae80000,0x00000000eae80000)
  from space 512K, 31% used [0x00000000eaf80000,0x00000000eafa8000,0x00000000eb000000)
  to   space 512K, 0% used [0x00000000eaf00000,0x00000000eaf00000,0x00000000eaf80000)
 ParOldGen       total 295424K, used 295298K [0x00000000c0000000, 0x00000000d2080000, 0x00000000eab00000)
  object space 295424K, 99% used [0x00000000c0000000,0x00000000d2060b28,0x00000000d2080000)
 Metaspace       used 73202K, committed 74304K, reserved 1114112K
  class space    used 8313K, committed 8768K, reserved 1048576K
}
Event: 21502.085 GC heap after
{Heap after GC invocations=665 (full 13):
 PSYoungGen      total 4096K, used 128K [0x00000000eab00000, 0x00000000eb000000, 0x0000000100000000)
  eden space 3584K, 0% used [0x00000000eab00000,0x00000000eab00000,0x00000000eae80000)
  from space 512K, 25% used [0x00000000eaf00000,0x00000000eaf20000,0x00000000eaf80000)
  to   space 512K, 0% used [0x00000000eaf80000,0x00000000eaf80000,0x00000000eb000000)
 ParOldGen       total 295424K, used 295298K [0x00000000c0000000, 0x00000000d2080000, 0x00000000eab00000)
  object space 295424K, 99% used [0x00000000c0000000,0x00000000d2060b28,0x00000000d2080000)
 Metaspace       used 73202K, committed 74304K, reserved 1114112K
  class space    used 8313K, committed 8768K, reserved 1048576K
}
Event: 21615.141 GC heap before
{Heap before GC invocations=666 (full 13):
 PSYoungGen      total 4096K, used 3712K [0x00000000eab00000, 0x00000000eb000000, 0x0000000100000000)
  eden space 3584K, 100% used [0x00000000eab00000,0x00000000eae80000,0x00000000eae80000)
  from space 512K, 25% used [0x00000000eaf00000,0x00000000eaf20000,0x00000000eaf80000)
  to   space 512K, 0% used [0x00000000eaf80000,0x00000000eaf80000,0x00000000eb000000)
 ParOldGen       total 295424K, used 295298K [0x00000000c0000000, 0x00000000d2080000, 0x00000000eab00000)
  object space 295424K, 99% used [0x00000000c0000000,0x00000000d2060b28,0x00000000d2080000)
 Metaspace       used 73202K, committed 74304K, reserved 1114112K
  class space    used 8313K, committed 8768K, reserved 1048576K
}
Event: 21615.144 GC heap after
{Heap after GC invocations=666 (full 13):
 PSYoungGen      total 4096K, used 128K [0x00000000eab00000, 0x00000000eb000000, 0x0000000100000000)
  eden space 3584K, 0% used [0x00000000eab00000,0x00000000eab00000,0x00000000eae80000)
  from space 512K, 25% used [0x00000000eaf80000,0x00000000eafa0000,0x00000000eb000000)
  to   space 512K, 0% used [0x00000000eaf00000,0x00000000eaf00000,0x00000000eaf80000)
 ParOldGen       total 295424K, used 295314K [0x00000000c0000000, 0x00000000d2080000, 0x00000000eab00000)
  object space 295424K, 99% used [0x00000000c0000000,0x00000000d2064b28,0x00000000d2080000)
 Metaspace       used 73202K, committed 74304K, reserved 1114112K
  class space    used 8313K, committed 8768K, reserved 1048576K
}
Event: 21717.700 GC heap before
{Heap before GC invocations=667 (full 13):
 PSYoungGen      total 4096K, used 3712K [0x00000000eab00000, 0x00000000eb000000, 0x0000000100000000)
  eden space 3584K, 100% used [0x00000000eab00000,0x00000000eae80000,0x00000000eae80000)
  from space 512K, 25% used [0x00000000eaf80000,0x00000000eafa0000,0x00000000eb000000)
  to   space 512K, 0% used [0x00000000eaf00000,0x00000000eaf00000,0x00000000eaf80000)
 ParOldGen       total 295424K, used 295314K [0x00000000c0000000, 0x00000000d2080000, 0x00000000eab00000)
  object space 295424K, 99% used [0x00000000c0000000,0x00000000d2064b28,0x00000000d2080000)
 Metaspace       used 73202K, committed 74304K, reserved 1114112K
  class space    used 8313K, committed 8768K, reserved 1048576K
}
Event: 21717.704 GC heap after
{Heap after GC invocations=667 (full 13):
 PSYoungGen      total 4096K, used 128K [0x00000000eab00000, 0x00000000eb000000, 0x0000000100000000)
  eden space 3584K, 0% used [0x00000000eab00000,0x00000000eab00000,0x00000000eae80000)
  from space 512K, 25% used [0x00000000eaf00000,0x00000000eaf20000,0x00000000eaf80000)
  to   space 512K, 0% used [0x00000000eaf80000,0x00000000eaf80000,0x00000000eb000000)
 ParOldGen       total 295424K, used 295338K [0x00000000c0000000, 0x00000000d2080000, 0x00000000eab00000)
  object space 295424K, 99% used [0x00000000c0000000,0x00000000d206ab28,0x00000000d2080000)
 Metaspace       used 73202K, committed 74304K, reserved 1114112K
  class space    used 8313K, committed 8768K, reserved 1048576K
}
Event: 21744.931 GC heap before
{Heap before GC invocations=668 (full 13):
 PSYoungGen      total 4096K, used 3712K [0x00000000eab00000, 0x00000000eb000000, 0x0000000100000000)
  eden space 3584K, 100% used [0x00000000eab00000,0x00000000eae80000,0x00000000eae80000)
  from space 512K, 25% used [0x00000000eaf00000,0x00000000eaf20000,0x00000000eaf80000)
  to   space 512K, 0% used [0x00000000eaf80000,0x00000000eaf80000,0x00000000eb000000)
 ParOldGen       total 295424K, used 295338K [0x00000000c0000000, 0x00000000d2080000, 0x00000000eab00000)
  object space 295424K, 99% used [0x00000000c0000000,0x00000000d206ab28,0x00000000d2080000)
 Metaspace       used 73202K, committed 74304K, reserved 1114112K
  class space    used 8313K, committed 8768K, reserved 1048576K
}
Event: 21744.934 GC heap after
{Heap after GC invocations=668 (full 13):
 PSYoungGen      total 4096K, used 128K [0x00000000eab00000, 0x00000000eb000000, 0x0000000100000000)
  eden space 3584K, 0% used [0x00000000eab00000,0x00000000eab00000,0x00000000eae80000)
  from space 512K, 25% used [0x00000000eaf80000,0x00000000eafa0000,0x00000000eb000000)
  to   space 512K, 0% used [0x00000000eaf00000,0x00000000eaf00000,0x00000000eaf80000)
 ParOldGen       total 295424K, used 295354K [0x00000000c0000000, 0x00000000d2080000, 0x00000000eab00000)
  object space 295424K, 99% used [0x00000000c0000000,0x00000000d206eb28,0x00000000d2080000)
 Metaspace       used 73202K, committed 74304K, reserved 1114112K
  class space    used 8313K, committed 8768K, reserved 1048576K
}
Event: 21852.432 GC heap before
{Heap before GC invocations=669 (full 13):
 PSYoungGen      total 4096K, used 3712K [0x00000000eab00000, 0x00000000eb000000, 0x0000000100000000)
  eden space 3584K, 100% used [0x00000000eab00000,0x00000000eae80000,0x00000000eae80000)
  from space 512K, 25% used [0x00000000eaf80000,0x00000000eafa0000,0x00000000eb000000)
  to   space 512K, 0% used [0x00000000eaf00000,0x00000000eaf00000,0x00000000eaf80000)
 ParOldGen       total 295424K, used 295354K [0x00000000c0000000, 0x00000000d2080000, 0x00000000eab00000)
  object space 295424K, 99% used [0x00000000c0000000,0x00000000d206eb28,0x00000000d2080000)
 Metaspace       used 73202K, committed 74304K, reserved 1114112K
  class space    used 8313K, committed 8768K, reserved 1048576K
}
Event: 21852.465 GC heap after
{Heap after GC invocations=669 (full 13):
 PSYoungGen      total 4096K, used 128K [0x00000000eab00000, 0x00000000eb000000, 0x0000000100000000)
  eden space 3584K, 0% used [0x00000000eab00000,0x00000000eab00000,0x00000000eae80000)
  from space 512K, 25% used [0x00000000eaf00000,0x00000000eaf20000,0x00000000eaf80000)
  to   space 512K, 0% used [0x00000000eaf80000,0x00000000eaf80000,0x00000000eb000000)
 ParOldGen       total 295424K, used 295386K [0x00000000c0000000, 0x00000000d2080000, 0x00000000eab00000)
  object space 295424K, 99% used [0x00000000c0000000,0x00000000d2076b28,0x00000000d2080000)
 Metaspace       used 73202K, committed 74304K, reserved 1114112K
  class space    used 8313K, committed 8768K, reserved 1048576K
}
Event: 21902.042 GC heap before
{Heap before GC invocations=670 (full 13):
 PSYoungGen      total 4096K, used 3712K [0x00000000eab00000, 0x00000000eb000000, 0x0000000100000000)
  eden space 3584K, 100% used [0x00000000eab00000,0x00000000eae80000,0x00000000eae80000)
  from space 512K, 25% used [0x00000000eaf00000,0x00000000eaf20000,0x00000000eaf80000)
  to   space 512K, 0% used [0x00000000eaf80000,0x00000000eaf80000,0x00000000eb000000)
 ParOldGen       total 295424K, used 295386K [0x00000000c0000000, 0x00000000d2080000, 0x00000000eab00000)
  object space 295424K, 99% used [0x00000000c0000000,0x00000000d2076b28,0x00000000d2080000)
 Metaspace       used 73202K, committed 74304K, reserved 1114112K
  class space    used 8313K, committed 8768K, reserved 1048576K
}
Event: 21902.046 GC heap after
{Heap after GC invocations=670 (full 13):
 PSYoungGen      total 4096K, used 128K [0x00000000eab00000, 0x00000000eb000000, 0x0000000100000000)
  eden space 3584K, 0% used [0x00000000eab00000,0x00000000eab00000,0x00000000eae80000)
  from space 512K, 25% used [0x00000000eaf80000,0x00000000eafa0000,0x00000000eb000000)
  to   space 512K, 0% used [0x00000000eaf00000,0x00000000eaf00000,0x00000000eaf80000)
 ParOldGen       total 295424K, used 295410K [0x00000000c0000000, 0x00000000d2080000, 0x00000000eab00000)
  object space 295424K, 99% used [0x00000000c0000000,0x00000000d207cb28,0x00000000d2080000)
 Metaspace       used 73202K, committed 74304K, reserved 1114112K
  class space    used 8313K, committed 8768K, reserved 1048576K
}
Event: 21902.046 GC heap before
{Heap before GC invocations=671 (full 14):
 PSYoungGen      total 4096K, used 128K [0x00000000eab00000, 0x00000000eb000000, 0x0000000100000000)
  eden space 3584K, 0% used [0x00000000eab00000,0x00000000eab00000,0x00000000eae80000)
  from space 512K, 25% used [0x00000000eaf80000,0x00000000eafa0000,0x00000000eb000000)
  to   space 512K, 0% used [0x00000000eaf00000,0x00000000eaf00000,0x00000000eaf80000)
 ParOldGen       total 295424K, used 295410K [0x00000000c0000000, 0x00000000d2080000, 0x00000000eab00000)
  object space 295424K, 99% used [0x00000000c0000000,0x00000000d207cb28,0x00000000d2080000)
 Metaspace       used 73202K, committed 74304K, reserved 1114112K
  class space    used 8313K, committed 8768K, reserved 1048576K
}

